<?xml version="1.0" encoding="UTF-8"?>
<robot generator="Robot 7.3.2 (Python 3.14.0 on win32)" generated="2026-01-21T11:12:22.651158" rpa="false" schemaversion="5">
<suite id="s1" name="Login Test" source="C:\Users\neeki\PycharmProjects\Automation\SauceDemoProject\Tests\login_test.robot">
<kw name="Open Browser" owner="SeleniumLibrary" type="SETUP">
<msg time="2026-01-21T11:12:22.833813" level="INFO">Opening browser 'chrome' to base url 'https://www.saucedemo.com/'.</msg>
<arg>https://www.saucedemo.com/</arg>
<arg>chrome</arg>
<doc>Opens a new browser instance to the optional ``url``.</doc>
<status status="PASS" start="2026-01-21T11:12:22.833556" elapsed="2.261925"/>
</kw>
<test id="s1-t1" name="Login Test" line="11">
<kw name="Enter Username" owner="Loginpage">
<kw name="Input Text" owner="SeleniumLibrary">
<msg time="2026-01-21T11:12:25.100028" level="INFO">Typing text 'standard_user' into text field 'id=user-name'.</msg>
<arg>id=user-name</arg>
<arg>${username}</arg>
<doc>Types the given ``text`` into the text field identified by ``locator``.</doc>
<status status="PASS" start="2026-01-21T11:12:25.098236" elapsed="0.141997"/>
</kw>
<arg>${VALID_USERNAME}</arg>
<status status="PASS" start="2026-01-21T11:12:25.096932" elapsed="0.143617"/>
</kw>
<kw name="Enter Password" owner="Loginpage">
<kw name="Input Text" owner="SeleniumLibrary">
<msg time="2026-01-21T11:12:25.242676" level="INFO">Typing text 'secret_sauce' into text field 'id=password'.</msg>
<arg>id=password</arg>
<arg>${password}</arg>
<doc>Types the given ``text`` into the text field identified by ``locator``.</doc>
<status status="PASS" start="2026-01-21T11:12:25.242303" elapsed="0.098135"/>
</kw>
<arg>${VALID_PASSWORD}</arg>
<status status="PASS" start="2026-01-21T11:12:25.241422" elapsed="0.099272"/>
</kw>
<kw name="Click Login Button" owner="Loginpage">
<kw name="Click Button" owner="SeleniumLibrary">
<msg time="2026-01-21T11:12:25.342216" level="INFO">Clicking button 'id=login-button'.</msg>
<arg>id=login-button</arg>
<doc>Clicks the button identified by ``locator``.</doc>
<status status="PASS" start="2026-01-21T11:12:25.341810" elapsed="0.157010"/>
</kw>
<status status="PASS" start="2026-01-21T11:12:25.341219" elapsed="0.157907"/>
</kw>
<kw name="Verify Inventory Page Loaded" owner="InventoryPage">
<kw name="Wait Until Element Is Visible" owner="SeleniumLibrary">
<arg>${PRODUCTS_TITLE}</arg>
<arg>10s</arg>
<doc>Waits until the element ``locator`` is visible.</doc>
<status status="PASS" start="2026-01-21T11:12:25.500516" elapsed="0.036410"/>
</kw>
<status status="PASS" start="2026-01-21T11:12:25.499878" elapsed="0.037162"/>
</kw>
<status status="PASS" start="2026-01-21T11:12:25.095951" elapsed="0.441687"/>
</test>
<kw name="Close Browser" owner="SeleniumLibrary" type="TEARDOWN">
<doc>Closes the current browser.</doc>
<status status="PASS" start="2026-01-21T11:12:25.538844" elapsed="2.132426"/>
</kw>
<status status="PASS" start="2026-01-21T11:12:22.652471" elapsed="5.018971"/>
</suite>
<statistics>
<total>
<stat pass="1" fail="0" skip="0">All Tests</stat>
</total>
<tag>
</tag>
<suite>
<stat name="Login Test" id="s1" pass="1" fail="0" skip="0">Login Test</stat>
</suite>
</statistics>
<errors>
</errors>
</robot>
