<?xml version="1.0" encoding="UTF-8"?>
<robot generator="Robot 7.3.2 (Python 3.14.0 on win32)" generated="2026-01-13T17:13:56.316601" rpa="false" schemaversion="5">
<suite id="s1" name="Cart Test" source="C:\Users\neeki\PycharmProjects\Automation\SauceDemoProject\Tests\cart_test.robot">
<test id="s1-t1" name="Add To Cart Test" line="9">
<kw name="Open Browser" owner="SeleniumLibrary" type="SETUP">
<msg time="2026-01-13T17:13:57.063594" level="INFO">Opening browser 'chrome' to base url 'https://www.saucedemo.com/'.</msg>
<arg>https://www.saucedemo.com/</arg>
<arg>chrome</arg>
<doc>Opens a new browser instance to the optional ``url``.</doc>
<status status="PASS" start="2026-01-13T17:13:57.062666" elapsed="3.816623"/>
</kw>
<kw name="Input Text" owner="SeleniumLibrary">
<msg time="2026-01-13T17:14:00.882272" level="INFO">Typing text 'standard_user' into text field 'id=user-name'.</msg>
<arg>id=user-name</arg>
<arg>standard_user</arg>
<doc>Types the given ``text`` into the text field identified by ``locator``.</doc>
<status status="PASS" start="2026-01-13T17:14:00.880673" elapsed="0.408045"/>
</kw>
<kw name="Input Text" owner="SeleniumLibrary">
<msg time="2026-01-13T17:14:01.290863" level="INFO">Typing text 'secret_sauce' into text field 'id=password'.</msg>
<arg>id=password</arg>
<arg>secret_sauce</arg>
<doc>Types the given ``text`` into the text field identified by ``locator``.</doc>
<status status="PASS" start="2026-01-13T17:14:01.289924" elapsed="0.199449"/>
</kw>
<kw name="Click Button" owner="SeleniumLibrary">
<msg time="2026-01-13T17:14:01.490814" level="INFO">Clicking button 'id=login-button'.</msg>
<arg>id=login-button</arg>
<doc>Clicks the button identified by ``locator``.</doc>
<status status="PASS" start="2026-01-13T17:14:01.490249" elapsed="0.281573"/>
</kw>
<kw name="Verify Inventory Page Loaded" owner="InventoryPage">
<kw name="Wait Until Element Is Visible" owner="SeleniumLibrary">
<arg>${PRODUCTS_TITLE}</arg>
<arg>10s</arg>
<doc>Waits until the element ``locator`` is visible.</doc>
<status status="PASS" start="2026-01-13T17:14:01.774241" elapsed="0.066857"/>
</kw>
<status status="PASS" start="2026-01-13T17:14:01.773107" elapsed="0.068317"/>
</kw>
<kw name="Add Backpack To Cart" owner="InventoryPage">
<kw name="Wait Until Element Is Visible" owner="SeleniumLibrary">
<arg>${ADD_BACKPACK_BTN}</arg>
<arg>10s</arg>
<doc>Waits until the element ``locator`` is visible.</doc>
<status status="PASS" start="2026-01-13T17:14:01.843426" elapsed="0.054535"/>
</kw>
<kw name="Click Element" owner="SeleniumLibrary">
<msg time="2026-01-13T17:14:01.898999" level="INFO">Clicking element 'id=add-to-cart-sauce-labs-backpack'.</msg>
<arg>${ADD_BACKPACK_BTN}</arg>
<doc>Click the element identified by ``locator``.</doc>
<status status="PASS" start="2026-01-13T17:14:01.898409" elapsed="0.152598"/>
</kw>
<status status="PASS" start="2026-01-13T17:14:01.842455" elapsed="0.208853"/>
</kw>
<kw name="Verify Item Added To Cart" owner="InventoryPage">
<kw name="Wait Until Element Is Visible" owner="SeleniumLibrary">
<arg>${CART_BADGE}</arg>
<arg>10s</arg>
<doc>Waits until the element ``locator`` is visible.</doc>
<status status="PASS" start="2026-01-13T17:14:02.052819" elapsed="0.048818"/>
</kw>
<status status="PASS" start="2026-01-13T17:14:02.052108" elapsed="0.049914"/>
</kw>
<kw name="Close Browser" owner="SeleniumLibrary" type="TEARDOWN">
<doc>Closes the current browser.</doc>
<status status="PASS" start="2026-01-13T17:14:02.103338" elapsed="2.386964"/>
</kw>
<status status="PASS" start="2026-01-13T17:13:57.058578" elapsed="7.432323"/>
</test>
<test id="s1-t2" name="Remove From Cart Test" line="17">
<kw name="Open Browser" owner="SeleniumLibrary" type="SETUP">
<msg time="2026-01-13T17:14:04.494162" level="INFO">Opening browser 'chrome' to base url 'https://www.saucedemo.com/'.</msg>
<arg>https://www.saucedemo.com/</arg>
<arg>chrome</arg>
<doc>Opens a new browser instance to the optional ``url``.</doc>
<status status="PASS" start="2026-01-13T17:14:04.493720" elapsed="3.427561"/>
</kw>
<kw name="Input Text" owner="SeleniumLibrary">
<msg time="2026-01-13T17:14:07.923745" level="INFO">Typing text 'standard_user' into text field 'id=user-name'.</msg>
<arg>id=user-name</arg>
<arg>standard_user</arg>
<doc>Types the given ``text`` into the text field identified by ``locator``.</doc>
<status status="PASS" start="2026-01-13T17:14:07.922953" elapsed="0.375412"/>
</kw>
<kw name="Input Text" owner="SeleniumLibrary">
<msg time="2026-01-13T17:14:08.299582" level="INFO">Typing text 'secret_sauce' into text field 'id=password'.</msg>
<arg>id=password</arg>
<arg>secret_sauce</arg>
<doc>Types the given ``text`` into the text field identified by ``locator``.</doc>
<status status="PASS" start="2026-01-13T17:14:08.299081" elapsed="0.192058"/>
</kw>
<kw name="Click Button" owner="SeleniumLibrary">
<msg time="2026-01-13T17:14:08.492608" level="INFO">Clicking button 'id=login-button'.</msg>
<arg>id=login-button</arg>
<doc>Clicks the button identified by ``locator``.</doc>
<status status="PASS" start="2026-01-13T17:14:08.492131" elapsed="0.284753"/>
</kw>
<kw name="Verify Inventory Page Loaded" owner="InventoryPage">
<kw name="Wait Until Element Is Visible" owner="SeleniumLibrary">
<arg>${PRODUCTS_TITLE}</arg>
<arg>10s</arg>
<doc>Waits until the element ``locator`` is visible.</doc>
<status status="PASS" start="2026-01-13T17:14:08.778956" elapsed="0.059665"/>
</kw>
<status status="PASS" start="2026-01-13T17:14:08.777983" elapsed="0.060917"/>
</kw>
<kw name="Add Backpack To Cart" owner="InventoryPage">
<kw name="Wait Until Element Is Visible" owner="SeleniumLibrary">
<arg>${ADD_BACKPACK_BTN}</arg>
<arg>10s</arg>
<doc>Waits until the element ``locator`` is visible.</doc>
<status status="PASS" start="2026-01-13T17:14:08.840375" elapsed="0.036772"/>
</kw>
<kw name="Click Element" owner="SeleniumLibrary">
<msg time="2026-01-13T17:14:08.878282" level="INFO">Clicking element 'id=add-to-cart-sauce-labs-backpack'.</msg>
<arg>${ADD_BACKPACK_BTN}</arg>
<doc>Click the element identified by ``locator``.</doc>
<status status="PASS" start="2026-01-13T17:14:08.877631" elapsed="0.135503"/>
</kw>
<status status="PASS" start="2026-01-13T17:14:08.839699" elapsed="0.173697"/>
</kw>
<kw name="Remove Backpack From Cart" owner="InventoryPage">
<kw name="Wait Until Element Is Visible" owner="SeleniumLibrary">
<arg>${REMOVE_BACKPACK_BTN}</arg>
<arg>10s</arg>
<doc>Waits until the element ``locator`` is visible.</doc>
<status status="PASS" start="2026-01-13T17:14:09.014877" elapsed="0.041580"/>
</kw>
<kw name="Click Element" owner="SeleniumLibrary">
<msg time="2026-01-13T17:14:09.057877" level="INFO">Clicking element 'id=remove-sauce-labs-backpack'.</msg>
<arg>${REMOVE_BACKPACK_BTN}</arg>
<doc>Click the element identified by ``locator``.</doc>
<status status="PASS" start="2026-01-13T17:14:09.057066" elapsed="0.129548"/>
</kw>
<status status="PASS" start="2026-01-13T17:14:09.014162" elapsed="0.172706"/>
</kw>
<kw name="Verify Cart Is Empty" owner="InventoryPage">
<kw name="Page Should Not Contain Element" owner="SeleniumLibrary">
<msg time="2026-01-13T17:14:09.212242" level="INFO">Current page does not contain element 'class=shopping_cart_badge'.</msg>
<arg>${CART_BADGE}</arg>
<doc>Verifies that element ``locator`` is not found on the current page.</doc>
<status status="PASS" start="2026-01-13T17:14:09.188215" elapsed="0.024211"/>
</kw>
<status status="PASS" start="2026-01-13T17:14:09.187590" elapsed="0.025036"/>
</kw>
<kw name="Close Browser" owner="SeleniumLibrary" type="TEARDOWN">
<doc>Closes the current browser.</doc>
<status status="PASS" start="2026-01-13T17:14:09.213777" elapsed="2.275375"/>
</kw>
<status status="PASS" start="2026-01-13T17:14:04.492644" elapsed="6.997759"/>
</test>
<status status="PASS" start="2026-01-13T17:13:56.321986" elapsed="15.170551"/>
</suite>
<statistics>
<total>
<stat pass="2" fail="0" skip="0">All Tests</stat>
</total>
<tag>
</tag>
<suite>
<stat name="Cart Test" id="s1" pass="2" fail="0" skip="0">Cart Test</stat>
</suite>
</statistics>
<errors>
</errors>
</robot>
